This file contains any messages produced by compilers while
running configure, to aid debugging if configure makes a mistake.

It was created by configure, which was
generated by GNU Autoconf 2.61.  Invocation command line was

  $ ./configure 

## --------- ##
## Platform. ##
## --------- ##

hostname = visaya-Compaq-510
uname -m = i686
uname -r = 2.6.38-8-generic
uname -s = Linux
uname -v = #42-Ubuntu SMP Mon Apr 11 03:31:50 UTC 2011

/usr/bin/uname -p = unknown
/bin/uname -X     = unknown

/bin/arch              = unknown
/usr/bin/arch -k       = unknown
/usr/convex/getsysinfo = unknown
/usr/bin/hostinfo      = unknown
/bin/machine           = unknown
/usr/bin/oslevel       = unknown
/bin/universe          = unknown

PATH: /usr/local/sbin
PATH: /usr/local/bin
PATH: /usr/sbin
PATH: /usr/bin
PATH: /sbin
PATH: /bin
PATH: /usr/games


## ----------- ##
## Core tests. ##
## ----------- ##

configure:1806: checking for a BSD-compatible install
configure:1862: result: /usr/bin/install -c
configure:1873: checking whether build environment is sane
configure:1916: result: yes
configure:1981: checking for gawk
configure:2011: result: no
configure:1981: checking for mawk
configure:1997: found /usr/bin/mawk
configure:2008: result: mawk
configure:2019: checking whether make sets $(MAKE)
configure:2040: result: yes
configure:2233: checking build system type
configure:2251: result: i686-pc-linux-gnu
configure:2273: checking host system type
configure:2288: result: i686-pc-linux-gnu
configure:2325: checking for a BSD-compatible install
configure:2381: result: /usr/bin/install -c
configure:2440: checking for gcc
configure:2456: found /usr/bin/gcc
configure:2467: result: gcc
configure:2705: checking for C compiler version
configure:2712: gcc --version >&5
gcc (Ubuntu/Linaro 4.5.2-8ubuntu4) 4.5.2
Copyright (C) 2010 Free Software Foundation, Inc.
This is free software; see the source for copying conditions.  There is NO
warranty; not even for MERCHANTABILITY or FITNESS FOR A PARTICULAR PURPOSE.

configure:2715: $? = 0
configure:2722: gcc -v >&5
Using built-in specs.
COLLECT_GCC=gcc
COLLECT_LTO_WRAPPER=/usr/lib/i386-linux-gnu/gcc/i686-linux-gnu/4.5.2/lto-wrapper
Target: i686-linux-gnu
Configured with: ../src/configure -v --with-pkgversion='Ubuntu/Linaro 4.5.2-8ubuntu4' --with-bugurl=file:///usr/share/doc/gcc-4.5/README.Bugs --enable-languages=c,c++,fortran,objc,obj-c++ --prefix=/usr --program-suffix=-4.5 --enable-shared --enable-multiarch --with-multiarch-defaults=i386-linux-gnu --enable-linker-build-id --with-system-zlib --libexecdir=/usr/lib/i386-linux-gnu --without-included-gettext --enable-threads=posix --with-gxx-include-dir=/usr/include/c++/4.5 --libdir=/usr/lib/i386-linux-gnu --enable-nls --with-sysroot=/ --enable-clocale=gnu --enable-libstdcxx-debug --enable-libstdcxx-time=yes --enable-plugin --enable-gold --enable-ld=default --with-plugin-ld=ld.gold --enable-objc-gc --enable-targets=all --disable-werror --with-arch-32=i686 --with-tune=generic --enable-checking=release --build=i686-linux-gnu --host=i686-linux-gnu --target=i686-linux-gnu
Thread model: posix
gcc version 4.5.2 (Ubuntu/Linaro 4.5.2-8ubuntu4) 
configure:2725: $? = 0
configure:2732: gcc -V >&5
gcc: '-V' option must have argument
configure:2735: $? = 1
configure:2758: checking for C compiler default output file name
configure:2785: gcc    conftest.c  >&5
configure:2788: $? = 0
configure:2826: result: a.out
configure:2843: checking whether the C compiler works
configure:2853: ./a.out
configure:2856: $? = 0
configure:2873: result: yes
configure:2880: checking whether we are cross compiling
configure:2882: result: no
configure:2885: checking for suffix of executables
configure:2892: gcc -o conftest    conftest.c  >&5
configure:2895: $? = 0
configure:2919: result: 
configure:2925: checking for suffix of object files
configure:2951: gcc -c   conftest.c >&5
configure:2954: $? = 0
configure:2977: result: o
configure:2981: checking whether we are using the GNU C compiler
configure:3010: gcc -c   conftest.c >&5
configure:3016: $? = 0
configure:3033: result: yes
configure:3038: checking whether gcc accepts -g
configure:3068: gcc -c -g  conftest.c >&5
configure:3074: $? = 0
configure:3173: result: yes
configure:3190: checking for gcc option to accept ISO C89
configure:3264: gcc  -c -g -O2  conftest.c >&5
configure:3270: $? = 0
configure:3293: result: none needed
configure:3322: checking for style of include used by make
configure:3350: result: GNU
configure:3378: checking dependency style of gcc
configure:3468: result: gcc3
configure:3491: checking for flex
configure:3521: result: no
configure:3491: checking for lex
configure:3521: result: no
configure:3714: checking for bison
configure:3744: result: no
configure:3714: checking for byacc
configure:3744: result: no
configure:3776: checking how to run the C preprocessor
configure:3816: gcc -E  conftest.c
configure:3822: $? = 0
configure:3853: gcc -E  conftest.c
conftest.c:10:28: fatal error: ac_nonexistent.h: No such file or directory
compilation terminated.
configure:3859: $? = 1
configure: failed program was:
| /* confdefs.h.  */
| #define PACKAGE_NAME ""
| #define PACKAGE_TARNAME ""
| #define PACKAGE_VERSION ""
| #define PACKAGE_STRING ""
| #define PACKAGE_BUGREPORT ""
| #define PACKAGE "cscope"
| #define VERSION "16.0a"
| /* end confdefs.h.  */
| #include <ac_nonexistent.h>
configure:3892: result: gcc -E
configure:3921: gcc -E  conftest.c
configure:3927: $? = 0
configure:3958: gcc -E  conftest.c
conftest.c:10:28: fatal error: ac_nonexistent.h: No such file or directory
compilation terminated.
configure:3964: $? = 1
configure: failed program was:
| /* confdefs.h.  */
| #define PACKAGE_NAME ""
| #define PACKAGE_TARNAME ""
| #define PACKAGE_VERSION ""
| #define PACKAGE_STRING ""
| #define PACKAGE_BUGREPORT ""
| #define PACKAGE "cscope"
| #define VERSION "16.0a"
| /* end confdefs.h.  */
| #include <ac_nonexistent.h>
configure:4002: checking for grep that handles long lines and -e
configure:4076: result: /bin/grep
configure:4081: checking for egrep
configure:4159: result: /bin/grep -E
configure:4315: checking "location of ncurses.h file"...
conftest.c:10:20: fatal error: curses.h: No such file or directory
compilation terminated.
conftest.c:11:20: fatal error: curses.h: No such file or directory
compilation terminated.
configure:4623: checking for ANSI C header files
configure:4653: gcc -c -g -O2  conftest.c >&5
configure:4659: $? = 0
configure:4758: gcc -o conftest -g -O2   conftest.c  >&5
configure:4761: $? = 0
configure:4767: ./conftest
configure:4770: $? = 0
configure:4787: result: yes
configure:4811: checking for sys/types.h
configure:4832: gcc -c -g -O2  conftest.c >&5
configure:4838: $? = 0
configure:4854: result: yes
configure:4811: checking for sys/stat.h
configure:4832: gcc -c -g -O2  conftest.c >&5
configure:4838: $? = 0
configure:4854: result: yes
configure:4811: checking for stdlib.h
configure:4832: gcc -c -g -O2  conftest.c >&5
configure:4838: $? = 0
configure:4854: result: yes
configure:4811: checking for string.h
configure:4832: gcc -c -g -O2  conftest.c >&5
configure:4838: $? = 0
configure:4854: result: yes
configure:4811: checking for memory.h
configure:4832: gcc -c -g -O2  conftest.c >&5
configure:4838: $? = 0
configure:4854: result: yes
configure:4811: checking for strings.h
configure:4832: gcc -c -g -O2  conftest.c >&5
configure:4838: $? = 0
configure:4854: result: yes
configure:4811: checking for inttypes.h
configure:4832: gcc -c -g -O2  conftest.c >&5
configure:4838: $? = 0
configure:4854: result: yes
configure:4811: checking for stdint.h
configure:4832: gcc -c -g -O2  conftest.c >&5
configure:4838: $? = 0
configure:4854: result: yes
configure:4811: checking for unistd.h
configure:4832: gcc -c -g -O2  conftest.c >&5
configure:4838: $? = 0
configure:4854: result: yes
configure:4876: checking regex.h usability
configure:4893: gcc -c -g -O2  conftest.c >&5
configure:4899: $? = 0
configure:4913: result: yes
configure:4917: checking regex.h presence
configure:4932: gcc -E  conftest.c
configure:4938: $? = 0
configure:4952: result: yes
configure:4980: checking for regex.h
configure:4987: result: yes
configure:5004: checking for regcomp in -lregex
configure:5039: gcc -o conftest -g -O2   conftest.c -lregex   >&5
/usr/bin/ld: cannot find -lregex
collect2: ld returned 1 exit status
configure:5045: $? = 1
configure: failed program was:
| /* confdefs.h.  */
| #define PACKAGE_NAME ""
| #define PACKAGE_TARNAME ""
| #define PACKAGE_VERSION ""
| #define PACKAGE_STRING ""
| #define PACKAGE_BUGREPORT ""
| #define PACKAGE "cscope"
| #define VERSION "16.0a"
| #define STDC_HEADERS 1
| #define HAVE_SYS_TYPES_H 1
| #define HAVE_SYS_STAT_H 1
| #define HAVE_STDLIB_H 1
| #define HAVE_STRING_H 1
| #define HAVE_MEMORY_H 1
| #define HAVE_STRINGS_H 1
| #define HAVE_INTTYPES_H 1
| #define HAVE_STDINT_H 1
| #define HAVE_UNISTD_H 1
| /* end confdefs.h.  */
| 
| /* Override any GCC internal prototype to avoid an error.
|    Use char because int might match the return type of a GCC
|    builtin and then its argument prototype would still apply.  */
| #ifdef __cplusplus
| extern "C"
| #endif
| char regcomp ();
| int
| main ()
| {
| return regcomp ();
|   ;
|   return 0;
| }
configure:5063: result: no
configure:5082: checking for gnome-config
configure:5112: result: no
configure:5119: checking for pkg-config
configure:5135: found /usr/bin/pkg-config
configure:5146: result: true
configure:5202: checking for dirent.h that defines DIR
configure:5231: gcc -c -g -O2  conftest.c >&5
configure:5237: $? = 0
configure:5253: result: yes
configure:5266: checking for library containing opendir
configure:5307: gcc -o conftest -g -O2   conftest.c  >&5
configure:5313: $? = 0
configure:5341: result: none required
configure:5435: checking for ANSI C header files
configure:5599: result: yes
configure:5630: checking fcntl.h usability
configure:5647: gcc -c -g -O2  conftest.c >&5
configure:5653: $? = 0
configure:5667: result: yes
configure:5671: checking fcntl.h presence
configure:5686: gcc -E  conftest.c
configure:5692: $? = 0
configure:5706: result: yes
configure:5734: checking for fcntl.h
configure:5742: result: yes
configure:5630: checking sys/window.h usability
configure:5647: gcc -c -g -O2  conftest.c >&5
conftest.c:56:24: fatal error: sys/window.h: No such file or directory
compilation terminated.
configure:5653: $? = 1
configure: failed program was:
| /* confdefs.h.  */
| #define PACKAGE_NAME ""
| #define PACKAGE_TARNAME ""
| #define PACKAGE_VERSION ""
| #define PACKAGE_STRING ""
| #define PACKAGE_BUGREPORT ""
| #define PACKAGE "cscope"
| #define VERSION "16.0a"
| #define STDC_HEADERS 1
| #define HAVE_SYS_TYPES_H 1
| #define HAVE_SYS_STAT_H 1
| #define HAVE_STDLIB_H 1
| #define HAVE_STRING_H 1
| #define HAVE_MEMORY_H 1
| #define HAVE_STRINGS_H 1
| #define HAVE_INTTYPES_H 1
| #define HAVE_STDINT_H 1
| #define HAVE_UNISTD_H 1
| #define HAVE_DIRENT_H 1
| #define STDC_HEADERS 1
| #define HAVE_FCNTL_H 1
| /* end confdefs.h.  */
| #include <stdio.h>
| #ifdef HAVE_SYS_TYPES_H
| # include <sys/types.h>
| #endif
| #ifdef HAVE_SYS_STAT_H
| # include <sys/stat.h>
| #endif
| #ifdef STDC_HEADERS
| # include <stdlib.h>
| # include <stddef.h>
| #else
| # ifdef HAVE_STDLIB_H
| #  include <stdlib.h>
| # endif
| #endif
| #ifdef HAVE_STRING_H
| # if !defined STDC_HEADERS && defined HAVE_MEMORY_H
| #  include <memory.h>
| # endif
| # include <string.h>
| #endif
| #ifdef HAVE_STRINGS_H
| # include <strings.h>
| #endif
| #ifdef HAVE_INTTYPES_H
| # include <inttypes.h>
| #endif
| #ifdef HAVE_STDINT_H
| # include <stdint.h>
| #endif
| #ifdef HAVE_UNISTD_H
| # include <unistd.h>
| #endif
| #include <sys/window.h>
configure:5667: result: no
configure:5671: checking sys/window.h presence
configure:5686: gcc -E  conftest.c
conftest.c:23:24: fatal error: sys/window.h: No such file or directory
compilation terminated.
configure:5692: $? = 1
configure: failed program was:
| /* confdefs.h.  */
| #define PACKAGE_NAME ""
| #define PACKAGE_TARNAME ""
| #define PACKAGE_VERSION ""
| #define PACKAGE_STRING ""
| #define PACKAGE_BUGREPORT ""
| #define PACKAGE "cscope"
| #define VERSION "16.0a"
| #define STDC_HEADERS 1
| #define HAVE_SYS_TYPES_H 1
| #define HAVE_SYS_STAT_H 1
| #define HAVE_STDLIB_H 1
| #define HAVE_STRING_H 1
| #define HAVE_MEMORY_H 1
| #define HAVE_STRINGS_H 1
| #define HAVE_INTTYPES_H 1
| #define HAVE_STDINT_H 1
| #define HAVE_UNISTD_H 1
| #define HAVE_DIRENT_H 1
| #define STDC_HEADERS 1
| #define HAVE_FCNTL_H 1
| /* end confdefs.h.  */
| #include <sys/window.h>
configure:5706: result: no
configure:5734: checking for sys/window.h
configure:5742: result: no
configure:5630: checking sys/termios.h usability
configure:5647: gcc -c -g -O2  conftest.c >&5
configure:5653: $? = 0
configure:5667: result: yes
configure:5671: checking sys/termios.h presence
configure:5686: gcc -E  conftest.c
configure:5692: $? = 0
configure:5706: result: yes
configure:5734: checking for sys/termios.h
configure:5742: result: yes
configure:5620: checking for unistd.h
configure:5626: result: yes
configure:5630: checking signal.h usability
configure:5647: gcc -c -g -O2  conftest.c >&5
configure:5653: $? = 0
configure:5667: result: yes
configure:5671: checking signal.h presence
configure:5686: gcc -E  conftest.c
configure:5692: $? = 0
configure:5706: result: yes
configure:5734: checking for signal.h
configure:5742: result: yes
configure:5630: checking floss.h usability
configure:5647: gcc -c -g -O2  conftest.c >&5
conftest.c:59:19: fatal error: floss.h: No such file or directory
compilation terminated.
configure:5653: $? = 1
configure: failed program was:
| /* confdefs.h.  */
| #define PACKAGE_NAME ""
| #define PACKAGE_TARNAME ""
| #define PACKAGE_VERSION ""
| #define PACKAGE_STRING ""
| #define PACKAGE_BUGREPORT ""
| #define PACKAGE "cscope"
| #define VERSION "16.0a"
| #define STDC_HEADERS 1
| #define HAVE_SYS_TYPES_H 1
| #define HAVE_SYS_STAT_H 1
| #define HAVE_STDLIB_H 1
| #define HAVE_STRING_H 1
| #define HAVE_MEMORY_H 1
| #define HAVE_STRINGS_H 1
| #define HAVE_INTTYPES_H 1
| #define HAVE_STDINT_H 1
| #define HAVE_UNISTD_H 1
| #define HAVE_DIRENT_H 1
| #define STDC_HEADERS 1
| #define HAVE_FCNTL_H 1
| #define HAVE_SYS_TERMIOS_H 1
| #define HAVE_UNISTD_H 1
| #define HAVE_SIGNAL_H 1
| /* end confdefs.h.  */
| #include <stdio.h>
| #ifdef HAVE_SYS_TYPES_H
| # include <sys/types.h>
| #endif
| #ifdef HAVE_SYS_STAT_H
| # include <sys/stat.h>
| #endif
| #ifdef STDC_HEADERS
| # include <stdlib.h>
| # include <stddef.h>
| #else
| # ifdef HAVE_STDLIB_H
| #  include <stdlib.h>
| # endif
| #endif
| #ifdef HAVE_STRING_H
| # if !defined STDC_HEADERS && defined HAVE_MEMORY_H
| #  include <memory.h>
| # endif
| # include <string.h>
| #endif
| #ifdef HAVE_STRINGS_H
| # include <strings.h>
| #endif
| #ifdef HAVE_INTTYPES_H
| # include <inttypes.h>
| #endif
| #ifdef HAVE_STDINT_H
| # include <stdint.h>
| #endif
| #ifdef HAVE_UNISTD_H
| # include <unistd.h>
| #endif
| #include <floss.h>
configure:5667: result: no
configure:5671: checking floss.h presence
configure:5686: gcc -E  conftest.c
conftest.c:26:19: fatal error: floss.h: No such file or directory
compilation terminated.
configure:5692: $? = 1
configure: failed program was:
| /* confdefs.h.  */
| #define PACKAGE_NAME ""
| #define PACKAGE_TARNAME ""
| #define PACKAGE_VERSION ""
| #define PACKAGE_STRING ""
| #define PACKAGE_BUGREPORT ""
| #define PACKAGE "cscope"
| #define VERSION "16.0a"
| #define STDC_HEADERS 1
| #define HAVE_SYS_TYPES_H 1
| #define HAVE_SYS_STAT_H 1
| #define HAVE_STDLIB_H 1
| #define HAVE_STRING_H 1
| #define HAVE_MEMORY_H 1
| #define HAVE_STRINGS_H 1
| #define HAVE_INTTYPES_H 1
| #define HAVE_STDINT_H 1
| #define HAVE_UNISTD_H 1
| #define HAVE_DIRENT_H 1
| #define STDC_HEADERS 1
| #define HAVE_FCNTL_H 1
| #define HAVE_SYS_TERMIOS_H 1
| #define HAVE_UNISTD_H 1
| #define HAVE_SIGNAL_H 1
| /* end confdefs.h.  */
| #include <floss.h>
configure:5706: result: no
configure:5734: checking for floss.h
configure:5742: result: no
configure:5630: checking io.h usability
configure:5647: gcc -c -g -O2  conftest.c >&5
conftest.c:59:16: fatal error: io.h: No such file or directory
compilation terminated.
configure:5653: $? = 1
configure: failed program was:
| /* confdefs.h.  */
| #define PACKAGE_NAME ""
| #define PACKAGE_TARNAME ""
| #define PACKAGE_VERSION ""
| #define PACKAGE_STRING ""
| #define PACKAGE_BUGREPORT ""
| #define PACKAGE "cscope"
| #define VERSION "16.0a"
| #define STDC_HEADERS 1
| #define HAVE_SYS_TYPES_H 1
| #define HAVE_SYS_STAT_H 1
| #define HAVE_STDLIB_H 1
| #define HAVE_STRING_H 1
| #define HAVE_MEMORY_H 1
| #define HAVE_STRINGS_H 1
| #define HAVE_INTTYPES_H 1
| #define HAVE_STDINT_H 1
| #define HAVE_UNISTD_H 1
| #define HAVE_DIRENT_H 1
| #define STDC_HEADERS 1
| #define HAVE_FCNTL_H 1
| #define HAVE_SYS_TERMIOS_H 1
| #define HAVE_UNISTD_H 1
| #define HAVE_SIGNAL_H 1
| /* end confdefs.h.  */
| #include <stdio.h>
| #ifdef HAVE_SYS_TYPES_H
| # include <sys/types.h>
| #endif
| #ifdef HAVE_SYS_STAT_H
| # include <sys/stat.h>
| #endif
| #ifdef STDC_HEADERS
| # include <stdlib.h>
| # include <stddef.h>
| #else
| # ifdef HAVE_STDLIB_H
| #  include <stdlib.h>
| # endif
| #endif
| #ifdef HAVE_STRING_H
| # if !defined STDC_HEADERS && defined HAVE_MEMORY_H
| #  include <memory.h>
| # endif
| # include <string.h>
| #endif
| #ifdef HAVE_STRINGS_H
| # include <strings.h>
| #endif
| #ifdef HAVE_INTTYPES_H
| # include <inttypes.h>
| #endif
| #ifdef HAVE_STDINT_H
| # include <stdint.h>
| #endif
| #ifdef HAVE_UNISTD_H
| # include <unistd.h>
| #endif
| #include <io.h>
configure:5667: result: no
configure:5671: checking io.h presence
configure:5686: gcc -E  conftest.c
conftest.c:26:16: fatal error: io.h: No such file or directory
compilation terminated.
configure:5692: $? = 1
configure: failed program was:
| /* confdefs.h.  */
| #define PACKAGE_NAME ""
| #define PACKAGE_TARNAME ""
| #define PACKAGE_VERSION ""
| #define PACKAGE_STRING ""
| #define PACKAGE_BUGREPORT ""
| #define PACKAGE "cscope"
| #define VERSION "16.0a"
| #define STDC_HEADERS 1
| #define HAVE_SYS_TYPES_H 1
| #define HAVE_SYS_STAT_H 1
| #define HAVE_STDLIB_H 1
| #define HAVE_STRING_H 1
| #define HAVE_MEMORY_H 1
| #define HAVE_STRINGS_H 1
| #define HAVE_INTTYPES_H 1
| #define HAVE_STDINT_H 1
| #define HAVE_UNISTD_H 1
| #define HAVE_DIRENT_H 1
| #define STDC_HEADERS 1
| #define HAVE_FCNTL_H 1
| #define HAVE_SYS_TERMIOS_H 1
| #define HAVE_UNISTD_H 1
| #define HAVE_SIGNAL_H 1
| /* end confdefs.h.  */
| #include <io.h>
configure:5706: result: no
configure:5734: checking for io.h
configure:5742: result: no
configure:5756: checking for an ANSI C-conforming const
configure:5831: gcc -c -g -O2  conftest.c >&5
configure:5837: $? = 0
configure:5852: result: yes
configure:5862: checking for mode_t
configure:5892: gcc -c -g -O2  conftest.c >&5
configure:5898: $? = 0
configure:5913: result: yes
configure:5925: checking for pid_t
configure:5955: gcc -c -g -O2  conftest.c >&5
configure:5961: $? = 0
configure:5976: result: yes
configure:5988: checking for size_t
configure:6018: gcc -c -g -O2  conftest.c >&5
configure:6024: $? = 0
configure:6039: result: yes
configure:6051: checking for sighandler_t
configure:6085: gcc -c -g -O2  conftest.c >&5
conftest.c:31:22: error: expected '=', ',', ';', 'asm' or '__attribute__' before 'ac__type_new_'
conftest.c: In function 'main':
conftest.c:35:6: error: 'ac__type_new_' undeclared (first use in this function)
conftest.c:35:6: note: each undeclared identifier is reported only once for each function it appears in
conftest.c:35:21: error: expected expression before ')' token
configure:6091: $? = 1
configure: failed program was:
| /* confdefs.h.  */
| #define PACKAGE_NAME ""
| #define PACKAGE_TARNAME ""
| #define PACKAGE_VERSION ""
| #define PACKAGE_STRING ""
| #define PACKAGE_BUGREPORT ""
| #define PACKAGE "cscope"
| #define VERSION "16.0a"
| #define STDC_HEADERS 1
| #define HAVE_SYS_TYPES_H 1
| #define HAVE_SYS_STAT_H 1
| #define HAVE_STDLIB_H 1
| #define HAVE_STRING_H 1
| #define HAVE_MEMORY_H 1
| #define HAVE_STRINGS_H 1
| #define HAVE_INTTYPES_H 1
| #define HAVE_STDINT_H 1
| #define HAVE_UNISTD_H 1
| #define HAVE_DIRENT_H 1
| #define STDC_HEADERS 1
| #define HAVE_FCNTL_H 1
| #define HAVE_SYS_TERMIOS_H 1
| #define HAVE_UNISTD_H 1
| #define HAVE_SIGNAL_H 1
| /* end confdefs.h.  */
| 
| #ifdef HAVE_SIGNAL_H
| # include <signal.h>
| #endif
| 
| typedef sighandler_t ac__type_new_;
| int
| main ()
| {
| if ((ac__type_new_ *) 0)
|   return 0;
| if (sizeof (ac__type_new_))
|   return 0;
|   ;
|   return 0;
| }
configure:6106: result: no
configure:6109: checking for sigsetjmp
configure:6132: gcc -o conftest -g -O2   conftest.c  >&5
configure:6138: $? = 0
configure:6144: result: yes
configure:6162: checking return type of signal handlers
configure:6190: gcc -c -g -O2  conftest.c >&5
conftest.c: In function 'main':
conftest.c:33:1: error: void value not ignored as it ought to be
configure:6196: $? = 1
configure: failed program was:
| /* confdefs.h.  */
| #define PACKAGE_NAME ""
| #define PACKAGE_TARNAME ""
| #define PACKAGE_VERSION ""
| #define PACKAGE_STRING ""
| #define PACKAGE_BUGREPORT ""
| #define PACKAGE "cscope"
| #define VERSION "16.0a"
| #define STDC_HEADERS 1
| #define HAVE_SYS_TYPES_H 1
| #define HAVE_SYS_STAT_H 1
| #define HAVE_STDLIB_H 1
| #define HAVE_STRING_H 1
| #define HAVE_MEMORY_H 1
| #define HAVE_STRINGS_H 1
| #define HAVE_INTTYPES_H 1
| #define HAVE_STDINT_H 1
| #define HAVE_UNISTD_H 1
| #define HAVE_DIRENT_H 1
| #define STDC_HEADERS 1
| #define HAVE_FCNTL_H 1
| #define HAVE_SYS_TERMIOS_H 1
| #define HAVE_UNISTD_H 1
| #define HAVE_SIGNAL_H 1
| #define HAVE_SIGSETJMP 1
| /* end confdefs.h.  */
| #include <sys/types.h>
| #include <signal.h>
| 
| int
| main ()
| {
| return *(signal (0, 0)) (0) == 1;
|   ;
|   return 0;
| }
configure:6211: result: void
configure:6227: checking for strchr
configure:6283: gcc -o conftest -g -O2   conftest.c  >&5
conftest.c:51:6: warning: conflicting types for built-in function 'strchr'
configure:6289: $? = 0
configure:6307: result: yes
configure:6227: checking for memcpy
configure:6283: gcc -o conftest -g -O2   conftest.c  >&5
conftest.c:52:6: warning: conflicting types for built-in function 'memcpy'
configure:6289: $? = 0
configure:6307: result: yes
configure:6227: checking for memset
configure:6283: gcc -o conftest -g -O2   conftest.c  >&5
conftest.c:53:6: warning: conflicting types for built-in function 'memset'
configure:6289: $? = 0
configure:6307: result: yes
configure:6227: checking for setmode
configure:6283: gcc -o conftest -g -O2   conftest.c  >&5
/tmp/cc4eozO2.o: In function `main':
/home/visaya/.emacs.d/cscope-15.7/conftest.c:65: undefined reference to `setmode'
collect2: ld returned 1 exit status
configure:6289: $? = 1
configure: failed program was:
| /* confdefs.h.  */
| #define PACKAGE_NAME ""
| #define PACKAGE_TARNAME ""
| #define PACKAGE_VERSION ""
| #define PACKAGE_STRING ""
| #define PACKAGE_BUGREPORT ""
| #define PACKAGE "cscope"
| #define VERSION "16.0a"
| #define STDC_HEADERS 1
| #define HAVE_SYS_TYPES_H 1
| #define HAVE_SYS_STAT_H 1
| #define HAVE_STDLIB_H 1
| #define HAVE_STRING_H 1
| #define HAVE_MEMORY_H 1
| #define HAVE_STRINGS_H 1
| #define HAVE_INTTYPES_H 1
| #define HAVE_STDINT_H 1
| #define HAVE_UNISTD_H 1
| #define HAVE_DIRENT_H 1
| #define STDC_HEADERS 1
| #define HAVE_FCNTL_H 1
| #define HAVE_SYS_TERMIOS_H 1
| #define HAVE_UNISTD_H 1
| #define HAVE_SIGNAL_H 1
| #define HAVE_SIGSETJMP 1
| #define RETSIGTYPE void
| #define HAVE_STRCHR 1
| #define HAVE_MEMCPY 1
| #define HAVE_MEMSET 1
| /* end confdefs.h.  */
| /* Define setmode to an innocuous variant, in case <limits.h> declares setmode.
|    For example, HP-UX 11i <limits.h> declares gettimeofday.  */
| #define setmode innocuous_setmode
| 
| /* System header to define __stub macros and hopefully few prototypes,
|     which can conflict with char setmode (); below.
|     Prefer <limits.h> to <assert.h> if __STDC__ is defined, since
|     <limits.h> exists even on freestanding compilers.  */
| 
| #ifdef __STDC__
| # include <limits.h>
| #else
| # include <assert.h>
| #endif
| 
| #undef setmode
| 
| /* Override any GCC internal prototype to avoid an error.
|    Use char because int might match the return type of a GCC
|    builtin and then its argument prototype would still apply.  */
| #ifdef __cplusplus
| extern "C"
| #endif
| char setmode ();
| /* The GNU C library defines this for functions which it implements
|     to always fail with ENOSYS.  Some functions are actually named
|     something starting with __ and the normal name is an alias.  */
| #if defined __stub_setmode || defined __stub___setmode
| choke me
| #endif
| 
| int
| main ()
| {
| return setmode ();
|   ;
|   return 0;
| }
configure:6307: result: no
configure:6227: checking for _setmode
configure:6283: gcc -o conftest -g -O2   conftest.c  >&5
/tmp/ccmTPXxb.o: In function `main':
/home/visaya/.emacs.d/cscope-15.7/conftest.c:65: undefined reference to `_setmode'
collect2: ld returned 1 exit status
configure:6289: $? = 1
configure: failed program was:
| /* confdefs.h.  */
| #define PACKAGE_NAME ""
| #define PACKAGE_TARNAME ""
| #define PACKAGE_VERSION ""
| #define PACKAGE_STRING ""
| #define PACKAGE_BUGREPORT ""
| #define PACKAGE "cscope"
| #define VERSION "16.0a"
| #define STDC_HEADERS 1
| #define HAVE_SYS_TYPES_H 1
| #define HAVE_SYS_STAT_H 1
| #define HAVE_STDLIB_H 1
| #define HAVE_STRING_H 1
| #define HAVE_MEMORY_H 1
| #define HAVE_STRINGS_H 1
| #define HAVE_INTTYPES_H 1
| #define HAVE_STDINT_H 1
| #define HAVE_UNISTD_H 1
| #define HAVE_DIRENT_H 1
| #define STDC_HEADERS 1
| #define HAVE_FCNTL_H 1
| #define HAVE_SYS_TERMIOS_H 1
| #define HAVE_UNISTD_H 1
| #define HAVE_SIGNAL_H 1
| #define HAVE_SIGSETJMP 1
| #define RETSIGTYPE void
| #define HAVE_STRCHR 1
| #define HAVE_MEMCPY 1
| #define HAVE_MEMSET 1
| /* end confdefs.h.  */
| /* Define _setmode to an innocuous variant, in case <limits.h> declares _setmode.
|    For example, HP-UX 11i <limits.h> declares gettimeofday.  */
| #define _setmode innocuous__setmode
| 
| /* System header to define __stub macros and hopefully few prototypes,
|     which can conflict with char _setmode (); below.
|     Prefer <limits.h> to <assert.h> if __STDC__ is defined, since
|     <limits.h> exists even on freestanding compilers.  */
| 
| #ifdef __STDC__
| # include <limits.h>
| #else
| # include <assert.h>
| #endif
| 
| #undef _setmode
| 
| /* Override any GCC internal prototype to avoid an error.
|    Use char because int might match the return type of a GCC
|    builtin and then its argument prototype would still apply.  */
| #ifdef __cplusplus
| extern "C"
| #endif
| char _setmode ();
| /* The GNU C library defines this for functions which it implements
|     to always fail with ENOSYS.  Some functions are actually named
|     something starting with __ and the normal name is an alias.  */
| #if defined __stub__setmode || defined __stub____setmode
| choke me
| #endif
| 
| int
| main ()
| {
| return _setmode ();
|   ;
|   return 0;
| }
configure:6307: result: no
configure:6327: checking for getcwd
configure:6383: gcc -o conftest -g -O2   conftest.c  >&5
configure:6389: $? = 0
configure:6407: result: yes
configure:6327: checking for regcmp
configure:6383: gcc -o conftest -g -O2   conftest.c  >&5
/tmp/ccoBT51l.o: In function `main':
/home/visaya/.emacs.d/cscope-15.7/conftest.c:66: undefined reference to `regcmp'
collect2: ld returned 1 exit status
configure:6389: $? = 1
configure: failed program was:
| /* confdefs.h.  */
| #define PACKAGE_NAME ""
| #define PACKAGE_TARNAME ""
| #define PACKAGE_VERSION ""
| #define PACKAGE_STRING ""
| #define PACKAGE_BUGREPORT ""
| #define PACKAGE "cscope"
| #define VERSION "16.0a"
| #define STDC_HEADERS 1
| #define HAVE_SYS_TYPES_H 1
| #define HAVE_SYS_STAT_H 1
| #define HAVE_STDLIB_H 1
| #define HAVE_STRING_H 1
| #define HAVE_MEMORY_H 1
| #define HAVE_STRINGS_H 1
| #define HAVE_INTTYPES_H 1
| #define HAVE_STDINT_H 1
| #define HAVE_UNISTD_H 1
| #define HAVE_DIRENT_H 1
| #define STDC_HEADERS 1
| #define HAVE_FCNTL_H 1
| #define HAVE_SYS_TERMIOS_H 1
| #define HAVE_UNISTD_H 1
| #define HAVE_SIGNAL_H 1
| #define HAVE_SIGSETJMP 1
| #define RETSIGTYPE void
| #define HAVE_STRCHR 1
| #define HAVE_MEMCPY 1
| #define HAVE_MEMSET 1
| #define HAVE_GETCWD 1
| /* end confdefs.h.  */
| /* Define regcmp to an innocuous variant, in case <limits.h> declares regcmp.
|    For example, HP-UX 11i <limits.h> declares gettimeofday.  */
| #define regcmp innocuous_regcmp
| 
| /* System header to define __stub macros and hopefully few prototypes,
|     which can conflict with char regcmp (); below.
|     Prefer <limits.h> to <assert.h> if __STDC__ is defined, since
|     <limits.h> exists even on freestanding compilers.  */
| 
| #ifdef __STDC__
| # include <limits.h>
| #else
| # include <assert.h>
| #endif
| 
| #undef regcmp
| 
| /* Override any GCC internal prototype to avoid an error.
|    Use char because int might match the return type of a GCC
|    builtin and then its argument prototype would still apply.  */
| #ifdef __cplusplus
| extern "C"
| #endif
| char regcmp ();
| /* The GNU C library defines this for functions which it implements
|     to always fail with ENOSYS.  Some functions are actually named
|     something starting with __ and the normal name is an alias.  */
| #if defined __stub_regcmp || defined __stub___regcmp
| choke me
| #endif
| 
| int
| main ()
| {
| return regcmp ();
|   ;
|   return 0;
| }
configure:6407: result: no
configure:6327: checking for regcomp
configure:6383: gcc -o conftest -g -O2   conftest.c  >&5
configure:6389: $? = 0
configure:6407: result: yes
configure:6327: checking for strerror
configure:6383: gcc -o conftest -g -O2   conftest.c  >&5
configure:6389: $? = 0
configure:6407: result: yes
configure:6327: checking for vsnprintf
configure:6383: gcc -o conftest -g -O2   conftest.c  >&5
conftest.c:57:6: warning: conflicting types for built-in function 'vsnprintf'
configure:6389: $? = 0
configure:6407: result: yes
configure:6327: checking for snprintf
configure:6383: gcc -o conftest -g -O2   conftest.c  >&5
conftest.c:58:6: warning: conflicting types for built-in function 'snprintf'
configure:6389: $? = 0
configure:6407: result: yes
configure:6327: checking for lstat
configure:6383: gcc -o conftest -g -O2   conftest.c  >&5
configure:6389: $? = 0
configure:6407: result: yes
configure:6421: checking for fixkeypad
configure:6477: gcc -o conftest -g -O2   conftest.c  >&5
/tmp/ccrExjuP.o: In function `main':
/home/visaya/.emacs.d/cscope-15.7/conftest.c:71: undefined reference to `fixkeypad'
collect2: ld returned 1 exit status
configure:6483: $? = 1
configure: failed program was:
| /* confdefs.h.  */
| #define PACKAGE_NAME ""
| #define PACKAGE_TARNAME ""
| #define PACKAGE_VERSION ""
| #define PACKAGE_STRING ""
| #define PACKAGE_BUGREPORT ""
| #define PACKAGE "cscope"
| #define VERSION "16.0a"
| #define STDC_HEADERS 1
| #define HAVE_SYS_TYPES_H 1
| #define HAVE_SYS_STAT_H 1
| #define HAVE_STDLIB_H 1
| #define HAVE_STRING_H 1
| #define HAVE_MEMORY_H 1
| #define HAVE_STRINGS_H 1
| #define HAVE_INTTYPES_H 1
| #define HAVE_STDINT_H 1
| #define HAVE_UNISTD_H 1
| #define HAVE_DIRENT_H 1
| #define STDC_HEADERS 1
| #define HAVE_FCNTL_H 1
| #define HAVE_SYS_TERMIOS_H 1
| #define HAVE_UNISTD_H 1
| #define HAVE_SIGNAL_H 1
| #define HAVE_SIGSETJMP 1
| #define RETSIGTYPE void
| #define HAVE_STRCHR 1
| #define HAVE_MEMCPY 1
| #define HAVE_MEMSET 1
| #define HAVE_GETCWD 1
| #define HAVE_REGCOMP 1
| #define HAVE_STRERROR 1
| #define HAVE_VSNPRINTF 1
| #define HAVE_SNPRINTF 1
| #define HAVE_LSTAT 1
| /* end confdefs.h.  */
| /* Define fixkeypad to an innocuous variant, in case <limits.h> declares fixkeypad.
|    For example, HP-UX 11i <limits.h> declares gettimeofday.  */
| #define fixkeypad innocuous_fixkeypad
| 
| /* System header to define __stub macros and hopefully few prototypes,
|     which can conflict with char fixkeypad (); below.
|     Prefer <limits.h> to <assert.h> if __STDC__ is defined, since
|     <limits.h> exists even on freestanding compilers.  */
| 
| #ifdef __STDC__
| # include <limits.h>
| #else
| # include <assert.h>
| #endif
| 
| #undef fixkeypad
| 
| /* Override any GCC internal prototype to avoid an error.
|    Use char because int might match the return type of a GCC
|    builtin and then its argument prototype would still apply.  */
| #ifdef __cplusplus
| extern "C"
| #endif
| char fixkeypad ();
| /* The GNU C library defines this for functions which it implements
|     to always fail with ENOSYS.  Some functions are actually named
|     something starting with __ and the normal name is an alias.  */
| #if defined __stub_fixkeypad || defined __stub___fixkeypad
| choke me
| #endif
| 
| int
| main ()
| {
| return fixkeypad ();
|   ;
|   return 0;
| }
configure:6501: result: no
configure:6511: checking whether lstat dereferences a symlink specified with a trailing slash
configure:6547: gcc -o conftest -g -O2   conftest.c  >&5
configure:6550: $? = 0
configure:6556: ./conftest
configure:6559: $? = 0
configure:6582: result: yes
configure:6601: checking whether lstat accepts an empty string
configure:6631: gcc -o conftest -g -O2   conftest.c  >&5
configure:6634: $? = 0
configure:6640: ./conftest
configure:6643: $? = 0
configure:6659: result: no
configure:6844: creating ./config.status

## ---------------------- ##
## Running config.status. ##
## ---------------------- ##

This file was extended by config.status, which was
generated by GNU Autoconf 2.61.  Invocation command line was

  CONFIG_FILES    = 
  CONFIG_HEADERS  = 
  CONFIG_LINKS    = 
  CONFIG_COMMANDS = 
  $ ./config.status 

on visaya-Compaq-510

config.status:666: creating Makefile
config.status:666: creating doc/Makefile
config.status:666: creating src/Makefile
config.status:666: creating contrib/Makefile
config.status:666: creating config.h
config.status:905: config.h is unchanged
config.status:951: executing depfiles commands

## ---------------- ##
## Cache variables. ##
## ---------------- ##

ac_cv_build=i686-pc-linux-gnu
ac_cv_c_compiler_gnu=yes
ac_cv_c_const=yes
ac_cv_env_CC_set=
ac_cv_env_CC_value=
ac_cv_env_CFLAGS_set=
ac_cv_env_CFLAGS_value=
ac_cv_env_CPPFLAGS_set=
ac_cv_env_CPPFLAGS_value=
ac_cv_env_CPP_set=
ac_cv_env_CPP_value=
ac_cv_env_LDFLAGS_set=
ac_cv_env_LDFLAGS_value=
ac_cv_env_LIBS_set=
ac_cv_env_LIBS_value=
ac_cv_env_YACC_set=
ac_cv_env_YACC_value=
ac_cv_env_YFLAGS_set=
ac_cv_env_YFLAGS_value=
ac_cv_env_build_alias_set=
ac_cv_env_build_alias_value=
ac_cv_env_host_alias_set=
ac_cv_env_host_alias_value=
ac_cv_env_target_alias_set=
ac_cv_env_target_alias_value=
ac_cv_func__setmode=no
ac_cv_func_fixkeypad=no
ac_cv_func_getcwd=yes
ac_cv_func_lstat=yes
ac_cv_func_lstat_dereferences_slashed_symlink=yes
ac_cv_func_lstat_empty_string_bug=no
ac_cv_func_memcpy=yes
ac_cv_func_memset=yes
ac_cv_func_regcmp=no
ac_cv_func_regcomp=yes
ac_cv_func_setmode=no
ac_cv_func_snprintf=yes
ac_cv_func_strchr=yes
ac_cv_func_strerror=yes
ac_cv_func_vsnprintf=yes
ac_cv_header_dirent_dirent_h=yes
ac_cv_header_fcntl_h=yes
ac_cv_header_floss_h=no
ac_cv_header_inttypes_h=yes
ac_cv_header_io_h=no
ac_cv_header_memory_h=yes
ac_cv_header_regex_h=yes
ac_cv_header_signal_h=yes
ac_cv_header_stdc=yes
ac_cv_header_stdint_h=yes
ac_cv_header_stdlib_h=yes
ac_cv_header_string_h=yes
ac_cv_header_strings_h=yes
ac_cv_header_sys_stat_h=yes
ac_cv_header_sys_termios_h=yes
ac_cv_header_sys_types_h=yes
ac_cv_header_sys_window_h=no
ac_cv_header_unistd_h=yes
ac_cv_host=i686-pc-linux-gnu
ac_cv_lib_regex_regcomp=no
ac_cv_objext=o
ac_cv_path_EGREP='/bin/grep -E'
ac_cv_path_GREP=/bin/grep
ac_cv_path_install='/usr/bin/install -c'
ac_cv_prog_AWK=mawk
ac_cv_prog_CPP='gcc -E'
ac_cv_prog_ac_ct_CC=gcc
ac_cv_prog_cc_c89=
ac_cv_prog_cc_g=yes
ac_cv_prog_gnome2=true
ac_cv_prog_make_make_set=yes
ac_cv_search_opendir='none required'
ac_cv_type_mode_t=yes
ac_cv_type_pid_t=yes
ac_cv_type_sighandler_t=no
ac_cv_type_signal=void
ac_cv_type_size_t=yes
am_cv_CC_dependencies_compiler_type=gcc3

## ----------------- ##
## Output variables. ##
## ----------------- ##

ACLOCAL='${SHELL} /home/visaya/.emacs.d/cscope-15.7/missing --run aclocal-1.9'
AMDEPBACKSLASH='\'
AMDEP_FALSE='#'
AMDEP_TRUE=''
AMTAR='${SHELL} /home/visaya/.emacs.d/cscope-15.7/missing --run tar'
AUTOCONF='${SHELL} /home/visaya/.emacs.d/cscope-15.7/missing --run autoconf'
AUTOHEADER='${SHELL} /home/visaya/.emacs.d/cscope-15.7/missing --run autoheader'
AUTOMAKE='${SHELL} /home/visaya/.emacs.d/cscope-15.7/missing --run automake-1.9'
AWK='mawk'
CC='gcc'
CCDEPMODE='depmode=gcc3'
CFLAGS='-g -O2'
CPP='gcc -E'
CPPFLAGS=''
CURSES_INCLUDEDIR=''
CURSES_LIBS=''
CYGPATH_W='echo'
DEFS='-DHAVE_CONFIG_H'
DEPDIR='.deps'
ECHO_C=''
ECHO_N='-n'
ECHO_T=''
EGREP='/bin/grep -E'
EXEEXT=''
GNOME_LINUX_FALSE=''
GNOME_LINUX_TRUE='#'
GREP='/bin/grep'
HAS_CURSES_FALSE=''
HAS_CURSES_TRUE='#'
HAS_GNOME_FALSE='#'
HAS_GNOME_TRUE=''
INSTALL_DATA='${INSTALL} -m 644'
INSTALL_PROGRAM='${INSTALL}'
INSTALL_SCRIPT='${INSTALL}'
INSTALL_STRIP_PROGRAM='${SHELL} $(install_sh) -c -s'
LDFLAGS=''
LEX='${SHELL} /home/visaya/.emacs.d/cscope-15.7/missing --run flex'
LEXLIB=''
LEX_OUTPUT_ROOT=''
LIBOBJS=''
LIBS=''
LTLIBOBJS=''
MAKEINFO='${SHELL} /home/visaya/.emacs.d/cscope-15.7/missing --run makeinfo'
OBJEXT='o'
PACKAGE='cscope'
PACKAGE_BUGREPORT=''
PACKAGE_NAME=''
PACKAGE_STRING=''
PACKAGE_TARNAME=''
PACKAGE_VERSION=''
PATH_SEPARATOR=':'
SET_MAKE=''
SHELL='/bin/bash'
STRIP=''
USING_GNOME2_FALSE=''
USING_GNOME2_TRUE='#'
USING_LEX_FALSE=''
USING_LEX_TRUE='#'
VERSION='16.0a'
YACC='yacc'
YFLAGS=''
ac_ct_CC='gcc'
am__fastdepCC_FALSE='#'
am__fastdepCC_TRUE=''
am__include='include'
am__leading_dot='.'
am__quote=''
am__tar='${AMTAR} chof - "$$tardir"'
am__untar='${AMTAR} xf -'
bindir='${exec_prefix}/bin'
build='i686-pc-linux-gnu'
build_alias=''
build_cpu='i686'
build_os='linux-gnu'
build_vendor='pc'
datadir='${datarootdir}'
datarootdir='${prefix}/share'
docdir='${datarootdir}/doc/${PACKAGE}'
dvidir='${docdir}'
exec_prefix='${prefix}'
gnome1=''
gnome2='true'
host='i686-pc-linux-gnu'
host_alias=''
host_cpu='i686'
host_os='linux-gnu'
host_vendor='pc'
htmldir='${docdir}'
includedir='${prefix}/include'
infodir='${datarootdir}/info'
install_sh='/home/visaya/.emacs.d/cscope-15.7/install-sh'
libdir='${exec_prefix}/lib'
libexecdir='${exec_prefix}/libexec'
localedir='${datarootdir}/locale'
localstatedir='${prefix}/var'
mandir='${datarootdir}/man'
mkdir_p='mkdir -p --'
oldincludedir='/usr/include'
pdfdir='${docdir}'
prefix='/usr/local'
program_transform_name='s,x,x,'
psdir='${docdir}'
sbindir='${exec_prefix}/sbin'
sharedstatedir='${prefix}/com'
sysconfdir='${prefix}/etc'
target_alias=''

## ----------- ##
## confdefs.h. ##
## ----------- ##

#define PACKAGE_NAME ""
#define PACKAGE_TARNAME ""
#define PACKAGE_VERSION ""
#define PACKAGE_STRING ""
#define PACKAGE_BUGREPORT ""
#define PACKAGE "cscope"
#define VERSION "16.0a"
#define STDC_HEADERS 1
#define HAVE_SYS_TYPES_H 1
#define HAVE_SYS_STAT_H 1
#define HAVE_STDLIB_H 1
#define HAVE_STRING_H 1
#define HAVE_MEMORY_H 1
#define HAVE_STRINGS_H 1
#define HAVE_INTTYPES_H 1
#define HAVE_STDINT_H 1
#define HAVE_UNISTD_H 1
#define HAVE_DIRENT_H 1
#define STDC_HEADERS 1
#define HAVE_FCNTL_H 1
#define HAVE_SYS_TERMIOS_H 1
#define HAVE_UNISTD_H 1
#define HAVE_SIGNAL_H 1
#define HAVE_SIGSETJMP 1
#define RETSIGTYPE void
#define HAVE_STRCHR 1
#define HAVE_MEMCPY 1
#define HAVE_MEMSET 1
#define HAVE_GETCWD 1
#define HAVE_REGCOMP 1
#define HAVE_STRERROR 1
#define HAVE_VSNPRINTF 1
#define HAVE_SNPRINTF 1
#define HAVE_LSTAT 1
#define LSTAT_FOLLOWS_SLASHED_SYMLINK 1
#define Linux 1

configure: exit 0
